<?xml version="1.0" encoding="UTF-8"?><testsuite errors="0" failures="0" name="com.features.search.SearchByKeywordStory" skipped="0" tests="3" time="28.89" timestamp="2015-11-306 10:13:00"><testcase classname="com.features.search.SearchByKeywordStory" name="Searching by keyword banana should display the corresponding article"/><testcase classname="com.features.search.SearchByKeywordStory" name="Searching by ambiguious keyword should display the disambiguation page"/><testcase classname="com.features.search.SearchByKeywordStory" name="Searching by keyword apple should display the corresponding article"/></testsuite>